<?xml version="1.0" encoding="UTF-8"?>
<!-- Generated by org.testng.reporters.JUnitReportReporter -->
<testsuite hostname="Ravikirans-Air" failures="0" tests="1" name="TestScenarios.TestPage" time="28.600" errors="0" timestamp="2023-05-08T14:52:44 IST" skipped="0">
  <testcase classname="TestScenarios.TestPage" name="flightBooking" time="28.600"/>
  <system-out/>
</testsuite> <!-- TestScenarios.TestPage -->
